[INFO  - 2019-12-28T05:21:36.709Z] GhostDriver - Main - running on port 9924
[INFO  - 2019-12-28T05:21:41.013Z] Session [edebeea0-2931-11ea-bf61-29a35f2d6626] - page.settings - {"XSSAuditingEnabled":false,"javascriptCanCloseWindows":true,"javascriptCanOpenWindows":true,"javascriptEnabled":true,"loadImages":true,"localToRemoteUrlAccessEnabled":false,"userAgent":"Mozilla/5.0 (Windows NT 6.2; WOW64) AppleWebKit/538.1 (KHTML, like Gecko) PhantomJS/2.1.1 Safari/538.1","webSecurityEnabled":true}
[INFO  - 2019-12-28T05:21:41.013Z] Session [edebeea0-2931-11ea-bf61-29a35f2d6626] - page.customHeaders:  - {}
[INFO  - 2019-12-28T05:21:41.014Z] Session [edebeea0-2931-11ea-bf61-29a35f2d6626] - Session.negotiatedCapabilities - {"browserName":"phantomjs","version":"2.1.1","driverName":"ghostdriver","driverVersion":"1.2.0","platform":"windows-10-32bit","javascriptEnabled":true,"takesScreenshot":true,"handlesAlerts":false,"databaseEnabled":false,"locationContextEnabled":false,"applicationCacheEnabled":false,"browserConnectionEnabled":false,"cssSelectorsEnabled":true,"webStorageEnabled":false,"rotatable":false,"acceptSslCerts":false,"nativeEvents":true,"proxy":{"proxyType":"direct"}}
[INFO  - 2019-12-28T05:21:41.014Z] SessionManagerReqHand - _postNewSessionCommand - New Session Created: edebeea0-2931-11ea-bf61-29a35f2d6626
[ERROR - 2019-12-28T05:21:43.247Z] WebElementLocator - _handleLocateCommand - Element(s) NOT Found: GAVE UP. Search Stop Time: 1577510502780

  phantomjs://platform/console++.js:263 in error
[ERROR - 2019-12-28T05:21:44.756Z] WebElementLocator - _handleLocateCommand - Element(s) NOT Found: GAVE UP. Search Stop Time: 1577510504700

  phantomjs://platform/console++.js:263 in error
[ERROR - 2019-12-28T05:21:46.137Z] WebElementLocator - _handleLocateCommand - Element(s) NOT Found: GAVE UP. Search Stop Time: 1577510506088

  phantomjs://platform/console++.js:263 in error
[ERROR - 2019-12-28T05:21:47.344Z] WebElementLocator - _handleLocateCommand - Element(s) NOT Found: GAVE UP. Search Stop Time: 1577510507286

  phantomjs://platform/console++.js:263 in error
[ERROR - 2019-12-28T05:21:48.554Z] WebElementLocator - _handleLocateCommand - Element(s) NOT Found: GAVE UP. Search Stop Time: 1577510508496

  phantomjs://platform/console++.js:263 in error
[ERROR - 2019-12-28T05:21:49.774Z] WebElementLocator - _handleLocateCommand - Element(s) NOT Found: GAVE UP. Search Stop Time: 1577510509721

  phantomjs://platform/console++.js:263 in error
[ERROR - 2019-12-28T05:21:50.994Z] WebElementLocator - _handleLocateCommand - Element(s) NOT Found: GAVE UP. Search Stop Time: 1577510510943

  phantomjs://platform/console++.js:263 in error
[ERROR - 2019-12-28T05:21:52.199Z] WebElementLocator - _handleLocateCommand - Element(s) NOT Found: GAVE UP. Search Stop Time: 1577510512146

  phantomjs://platform/console++.js:263 in error
